<?xml version="1.0" encoding="UTF-8"?>
<!-- Generated by org.testng.reporters.JUnitReportReporter -->
<testsuite skipped="0" hostname="LAPTOP-3OB9OHNU" name="com.acti.testcases.tc_01" tests="4" failures="0" timestamp="25 Aug 2020 20:23:02 GMT" time="34.800" errors="0">
  <testcase name="initBrowser" time="12.181" classname="com.acti.testcases.tc_01"/>
  <testcase name="verifytitle" time="6.704" classname="com.acti.testcases.tc_01"/>
  <testcase name="validatelogodisplayed" time="7.202" classname="com.acti.testcases.tc_01"/>
  <testcase name="validatelogin" time="8.713" classname="com.acti.testcases.tc_01"/>
</testsuite> <!-- com.acti.testcases.tc_01 -->
