<?xml version="1.0" encoding="UTF-8"?>
<!-- Generated by org.testng.reporters.JUnitReportReporter -->
<testsuite skipped="0" hostname="LAPTOP-3OB9OHNU" name="com.acti.base.DriverScript" tests="1" failures="0" timestamp="24 Aug 2020 23:13:50 GMT" time="10.872" errors="0">
  <testcase name="initBrowser" time="10.872" classname="com.acti.base.DriverScript"/>
</testsuite> <!-- com.acti.base.DriverScript -->
